<?xml version="1.0" encoding="UTF-8"?>
<!-- Generated by org.testng.reporters.JUnitReportReporter -->
<testsuite hostname="LAPTOP-T0IS4182" failures="0" tests="1" name="task1.HomePage" time="18.481" errors="0" timestamp="2023-12-25T21:26:05 BDT" skipped="0">
  <testcase classname="task1.HomePage" name="basePageNavigation" time="18.481"/>
</testsuite> <!-- task1.HomePage -->
